[WARN] Tag not found in canonical_tags.yaml: 'data-verification'
[WARN] Tag not found in canonical_tags.yaml: 'income verification'
[WARN] Tag not found in canonical_tags.yaml: 'rules-engine'
[WARN] Tag not found in canonical_tags.yaml: 'immutability'
[WARN] Tag not found in canonical_tags.yaml: 'countdown'
[WARN] Tag not found in canonical_tags.yaml: 'engineering'
[WARN] Tag not found in canonical_tags.yaml: 'policy'
[WARN] Tag not found in canonical_tags.yaml: 'data-protection'
[WARN] Tag not found in canonical_tags.yaml: 'geo-segmentation'
[WARN] Tag not found in canonical_tags.yaml: 'progressive-rollout'
[WARN] Tag not found in canonical_tags.yaml: 'location-resolution'
[WARN] Tag not found in canonical_tags.yaml: 'geolocation'
[WARN] Tag not found in canonical_tags.yaml: 'user profiling'
[WARN] Tag not found in canonical_tags.yaml: 'recipient_experience'
[WARN] Tag not found in canonical_tags.yaml: 'child_protection'
[WARN] Tag not found in canonical_tags.yaml: 'updatedlogs'
[WARN] Tag not found in canonical_tags.yaml: 'microtransactions'
[WARN] Tag not found in canonical_tags.yaml: 'ledger-management'
[WARN] Tag not found in canonical_tags.yaml: 'immutability'
[WARN] Tag not found in canonical_tags.yaml: 'least-privilege'
[WARN] Tag not found in canonical_tags.yaml: 'ledger-management'
[WARN] Tag not found in canonical_tags.yaml: 'data-integrity'
[WARN] Tag not found in canonical_tags.yaml: 'analysis'
[WARN] Tag not found in canonical_tags.yaml: 'escalation'
[WARN] Tag not found in canonical_tags.yaml: 'escalation'
[WARN] Tag not found in canonical_tags.yaml: 'satisfaction'
[WARN] Tag not found in canonical_tags.yaml: 'guidelines'
[WARN] Tag not found in canonical_tags.yaml: 'constraints'
[WARN] Tag not found in canonical_tags.yaml: 'leadership'
[WARN] Tag not found in canonical_tags.yaml: 'vat'
[WARN] Tag not found in canonical_tags.yaml: 'persistence'
[WARN] Tag not found in canonical_tags.yaml: 'weighting'
[WARN] Tag not found in canonical_tags.yaml: 'collaboration'
[WARN] Tag not found in canonical_tags.yaml: 'ui_rendering'
[WARN] Tag not found in canonical_tags.yaml: 'session-tracking'
[WARN] Tag not found in canonical_tags.yaml: 'query-interface'
[WARN] Tag not found in canonical_tags.yaml: 'data analysis'
[WARN] Tag not found in canonical_tags.yaml: 'role-consistency'
[WARN] Tag not found in canonical_tags.yaml: 'securitycompliance'
[WARN] Tag not found in canonical_tags.yaml: 'data-verification'
[WARN] Tag not found in canonical_tags.yaml: 'income verification'
[WARN] Tag not found in canonical_tags.yaml: 'rules-engine'
[WARN] Tag not found in canonical_tags.yaml: 'lending'
[WARN] Tag not found in canonical_tags.yaml: 'developer-experience'
[WARN] Tag not found in canonical_tags.yaml: 'immutability'
[WARN] Tag not found in canonical_tags.yaml: 'countdown'
[WARN] Tag not found in canonical_tags.yaml: 'engineering'
[WARN] Tag not found in canonical_tags.yaml: 'policy'
[WARN] Tag not found in canonical_tags.yaml: 'data-protection'
[WARN] Tag not found in canonical_tags.yaml: 'data-protection'
[WARN] Tag not found in canonical_tags.yaml: 'geo-segmentation'
[WARN] Tag not found in canonical_tags.yaml: 'progressive-rollout'
[WARN] Tag not found in canonical_tags.yaml: 'location-resolution'
[WARN] Tag not found in canonical_tags.yaml: 'kpi-tracking'
[WARN] Tag not found in canonical_tags.yaml: 'user profiling'
[WARN] Tag not found in canonical_tags.yaml: 'recipient_experience'
[WARN] Tag not found in canonical_tags.yaml: 'updatedlogs'
[WARN] Tag not found in canonical_tags.yaml: 'microtransactions'
[WARN] Tag not found in canonical_tags.yaml: 'vat'
[WARN] Tag not found in canonical_tags.yaml: 'persistence'
[WARN] Tag not found in canonical_tags.yaml: 'weighting'
[WARN] Tag not found in canonical_tags.yaml: 'collaboration'
[WARN] Tag not found in canonical_tags.yaml: 'securitycompliance'
[WARN] Tag not found in canonical_tags.yaml: 'data-verification'
[WARN] Tag not found in canonical_tags.yaml: 'income verification'
[WARN] Tag not found in canonical_tags.yaml: 'rules-engine'
[WARN] Tag not found in canonical_tags.yaml: 'developer-experience'
[WARN] Tag not found in canonical_tags.yaml: 'immutability'
[WARN] Tag not found in canonical_tags.yaml: 'countdown'
[WARN] Tag not found in canonical_tags.yaml: 'engineering'
[WARN] Tag not found in canonical_tags.yaml: 'policy'
[WARN] Tag not found in canonical_tags.yaml: 'data-protection'
[WARN] Tag not found in canonical_tags.yaml: 'data-protection'
[WARN] Tag not found in canonical_tags.yaml: 'geo-segmentation'
[WARN] Tag not found in canonical_tags.yaml: 'progressive-rollout'
[WARN] Tag not found in canonical_tags.yaml: 'location-resolution'
[WARN] Tag not found in canonical_tags.yaml: 'kpi-tracking'
[WARN] Tag not found in canonical_tags.yaml: 'user profiling'
[WARN] Tag not found in canonical_tags.yaml: 'microtransactions'
[WARN] Tag not found in canonical_tags.yaml: 'ledger-management'
[WARN] Tag not found in canonical_tags.yaml: 'immutability'
[WARN] Tag not found in canonical_tags.yaml: 'least-privilege'
[WARN] Tag not found in canonical_tags.yaml: 'ledger-management'
[WARN] Tag not found in canonical_tags.yaml: 'analysis'
[WARN] Tag not found in canonical_tags.yaml: 'escalation'
[WARN] Tag not found in canonical_tags.yaml: 'escalation'
[WARN] Tag not found in canonical_tags.yaml: 'satisfaction'
[WARN] Tag not found in canonical_tags.yaml: 'guidelines'
[WARN] Tag not found in canonical_tags.yaml: 'constraints'
[WARN] Tag not found in canonical_tags.yaml: 'leadership'
[WARN] Tag not found in canonical_tags.yaml: 'vat'
[WARN] Tag not found in canonical_tags.yaml: 'persistence'
[WARN] Tag not found in canonical_tags.yaml: 'weighting'
[WARN] Tag not found in canonical_tags.yaml: 'collaboration'
[WARN] Tag not found in canonical_tags.yaml: 'ui_rendering'
[WARN] Tag not found in canonical_tags.yaml: 'session-tracking'
[WARN] Tag not found in canonical_tags.yaml: 'query-interface'
[WARN] Tag not found in canonical_tags.yaml: 'data analysis'
[WARN] Tag not found in canonical_tags.yaml: 'role-consistency'
[WARN] Tag not found in canonical_tags.yaml: 'data-integrity'
[WARN] Tag not found in canonical_tags.yaml: 'data-retention'
[WARN] Tag not found in canonical_tags.yaml: 'securitycompliance'
