Tag: rtl                            → Domains: SaaS
Tag: latency                        → Domains: FinTech
Tag: openbanking                    → Domains: FinTech
Tag: [INFERRED] refunds             → Domains: SaaS
Tag: export_controls                → Domains: SaaS
Tag: conversion-logic               → Domains: FinTech
Tag: [INFERRED] behavioral-intelligence → Domains: SaaS
Tag: scheduled payments             → Domains: FinTech
Tag: [INFERRED] notification        → Domains: FinTech, SaaS
Tag: [INFERRED] regulation          → Domains: FinTech
Tag: recommendations                → Domains: SaaS
Tag: flakiness                      → Domains: SaaS
Tag: qa                             → Domains: FinTech, SaaS
Tag: staging                        → Domains: SaaS
Tag: uber                           → Domains: FinTech
Tag: edge case                      → Domains: FinTech, SaaS
Tag: ci/cd                          → Domains: SaaS
Tag: data_protection                → Domains: SaaS
Tag: legal                          → Domains: FinTech, SaaS
Tag: [INFERRED] security protocol   → Domains: Compliance and Security
Tag: [INFERRED] guidelines          → Domains: SaaS
Tag: rbac                           → Domains: Compliance and Security, FinTech, SaaS
Tag: best practices                 → Domains: Compliance and Security
Tag: violation                      → Domains: Compliance and Security
Tag: checkout                       → Domains: FinTech
Tag: failure                        → Domains: FinTech
Tag: comments                       → Domains: SaaS
Tag: fiverr                         → Domains: FinTech
Tag: guardian                       → Domains: FinTech
Tag: components                     → Domains: SaaS
Tag: http-429                       → Domains: FinTech
Tag: tenant segment                 → Domains: FinTech
Tag: dependency                     → Domains: FinTech
Tag: guide                          → Domains: SaaS
Tag: [INFERRED] finance             → Domains: SaaS
Tag: creditworthiness               → Domains: FinTech
Tag: error_handling                 → Domains: FinTech
Tag: visibility                     → Domains: FinTech
Tag: [INFERRED] synchronization     → Domains: SaaS
Tag: [INFERRED] legacy              → Domains: FinTech
Tag: security                       → Domains: FinTech, SaaS
Tag: manual review                  → Domains: SaaS
Tag: [INFERRED] anomaly-detection   → Domains: FinTech, SaaS
Tag: highlighting                   → Domains: SaaS
Tag: [INFERRED] risk-management     → Domains: FinTech
Tag: nps                            → Domains: SaaS
Tag: [INFERRED] auditability        → Domains: FinTech, SaaS
Tag: ratelimit                      → Domains: FinTech
Tag: [INFERRED] riskmanagement      → Domains: FinTech
Tag: anomaly detection              → Domains: FinTech
Tag: fraud                          → Domains: FinTech
Tag: modularity                     → Domains: FinTech
Tag: responsive                     → Domains: FinTech
Tag: scalability                    → Domains: FinTech, SaaS
Tag: commenting                     → Domains: SaaS
Tag: [INFERRED] compliance monitoring → Domains: Compliance and Security
Tag: preview                        → Domains: FinTech, SaaS
Tag: multi-currency                 → Domains: FinTech
Tag: [INFERRED] consistency         → Domains: FinTech
Tag: access                         → Domains: FinTech
Tag: [INFERRED] persistence         → Domains: SaaS Analytics
Tag: automation                     → Domains: FinTech, SaaS, SaaS Analytics
Tag: feedback                       → Domains: FinTech, SaaS
Tag: [INFERRED] sentiment           → Domains: SaaS
Tag: messaging                      → Domains: FinTech, SaaS
Tag: quality assurance              → Domains: SaaS
Tag: [INFERRED] resilience          → Domains: FinTech
Tag: mobile                         → Domains: FinTech, SaaS
Tag: product                        → Domains: SaaS
Tag: transparency                   → Domains: FinTech, SaaS
Tag: apis                           → Domains: FinTech
Tag: billing                        → Domains: FinTech, SaaS
Tag: gig-economy                    → Domains: FinTech
Tag: error_reporting                → Domains: SaaS
Tag: delivery                       → Domains: FinTech, SaaS
Tag: retention                      → Domains: FinTech, SaaS, SaaS Analytics
Tag: synchronization                → Domains: FinTech
Tag: admin-portal                   → Domains: FinTech, SaaS
Tag: api-gateway                    → Domains: FinTech
Tag: channel                        → Domains: SaaS
Tag: queueing                       → Domains: FinTech
Tag: [INFERRED] version control     → Domains: SaaS
Tag: routing                        → Domains: SaaS
Tag: audit log gaps                 → Domains: Compliance and Security
Tag: data connection                → Domains: FinTech
Tag: [INFERRED] data_visualization  → Domains: SaaS
Tag: validation                     → Domains: FinTech, SaaS
Tag: versioning                     → Domains: SaaS
Tag: regulations                    → Domains: FinTech
Tag: change log                     → Domains: SaaS
Tag: user-experience                → Domains: FinTech
Tag: anomaly-detection              → Domains: FinTech
Tag: [INFERRED] data-integrity      → Domains: FinTech, SaaS
Tag: state                          → Domains: FinTech
Tag: cohort_membership              → Domains: SaaS
Tag: performance                    → Domains: Compliance and Security, FinTech, SaaS
Tag: taxation                       → Domains: FinTech, SaaS
Tag: fx                             → Domains: FinTech
Tag: undo                           → Domains: SaaS
Tag: [INFERRED] privacy             → Domains: FinTech, SaaS
Tag: admindashboard                 → Domains: FinTech
Tag: [INFERRED] monitoring          → Domains: FinTech, SaaS
Tag: resolution-workflows           → Domains: FinTech
Tag: [INFERRED] user-notification   → Domains: FinTech, SaaS
Tag: browser_coverage               → Domains: SaaS
Tag: invoice                        → Domains: FinTech, SaaS
Tag: gas-fee                        → Domains: FinTech
Tag: [INFERRED] exception           → Domains: FinTech
Tag: [INFERRED] integrations        → Domains: FinTech
Tag: session                        → Domains: Compliance and Security, FinTech
Tag: rate limit                     → Domains: FinTech
Tag: adjust                         → Domains: FinTech
Tag: backend                        → Domains: FinTech, SaaS
Tag: api integration                → Domains: FinTech
Tag: pdf                            → Domains: SaaS
Tag: eligibility                    → Domains: FinTech
Tag: customfield                    → Domains: FinTech
Tag: multi-channel                  → Domains: SaaS
Tag: developer                      → Domains: SaaS
Tag: masking                        → Domains: SaaS
Tag: [INFERRED] rules-engine        → Domains: FinTech
Tag: alternative                    → Domains: FinTech
Tag: [INFERRED] quality assurance   → Domains: SaaS
Tag: override                       → Domains: FinTech, SaaS
Tag: [INFERRED] kpi                 → Domains: SaaS
Tag: matching                       → Domains: FinTech, SaaS
Tag: lineage                        → Domains: FinTech
Tag: [INFERRED] data protection     → Domains: SaaS
Tag: parallel                       → Domains: SaaS
Tag: multiple tax rates             → Domains: FinTech
Tag: [INFERRED] configuration       → Domains: FinTech, SaaS
Tag: dryrun                         → Domains: SaaS
Tag: [INFERRED] session-tracking    → Domains: SaaS
Tag: [INFERRED] tracking            → Domains: FinTech, SaaS
Tag: [INFERRED] knowledge base      → Domains: SaaS
Tag: data-recovery                  → Domains: SaaS
Tag: dry-run                        → Domains: SaaS
Tag: notifications                  → Domains: FinTech, SaaS
Tag: payments                       → Domains: FinTech, SaaS
Tag: crossborder                    → Domains: FinTech
Tag: exemption                      → Domains: FinTech, SaaS
Tag: [INFERRED] ui_rendering        → Domains: SaaS
Tag: [INFERRED] satisfaction        → Domains: SaaS
Tag: [INFERRED] VAT                 → Domains: SaaS
Tag: formatting                     → Domains: SaaS
Tag: [INFERRED] reminders           → Domains: FinTech
Tag: pci-dss                        → Domains: FinTech
Tag: gig income                     → Domains: FinTech
Tag: enablement                     → Domains: SaaS
Tag: user_interface                 → Domains: SaaS
Tag: redaction                      → Domains: FinTech
Tag: resolution                     → Domains: FinTech
Tag: [INFERRED] governance          → Domains: FinTech
Tag: [INFERRED] auditing            → Domains: FinTech
Tag: [INFERRED] periodic-summaries  → Domains: SaaS
Tag: [INFERRED] GDPR                → Domains: SaaS
Tag: SOX                            → Domains: FinTech
Tag: openapi                        → Domains: FinTech
Tag: layout                         → Domains: SaaS
Tag: middleware                     → Domains: SaaS
Tag: [INFERRED] performance         → Domains: FinTech, SaaS
Tag: invoices                       → Domains: SaaS
Tag: timing                         → Domains: FinTech, SaaS
Tag: [INFERRED] fault-tolerance     → Domains: FinTech
Tag: API gateway                    → Domains: FinTech
Tag: blocking                       → Domains: FinTech, SaaS
Tag: real-time analytics            → Domains: SaaS
Tag: database                       → Domains: FinTech, SaaS
Tag: edgecases                      → Domains: FinTech, SaaS
Tag: tenant management              → Domains: FinTech
Tag: legacy                         → Domains: FinTech
Tag: mismatch-detection             → Domains: FinTech
Tag: mixed-language                 → Domains: SaaS
Tag: [INFERRED] localization        → Domains: SaaS
Tag: scenario-based testing         → Domains: FinTech
Tag: history                        → Domains: SaaS
Tag: [INFERRED] tone-analysis       → Domains: SaaS
Tag: processing                     → Domains: FinTech
Tag: display                        → Domains: FinTech
Tag: freezeunfreeze                 → Domains: FinTech
Tag: testing                        → Domains: FinTech, SaaS
Tag: monitoring                     → Domains: FinTech, SaaS
Tag: disclosure                     → Domains: FinTech
Tag: [INFERRED] officertraining     → Domains: FinTech
Tag: critical-path                  → Domains: SaaS
Tag: template                       → Domains: SaaS
Tag: [INFERRED] weighting           → Domains: SaaS Analytics
Tag: csv                            → Domains: SaaS
Tag: feature-flags                  → Domains: SaaS
Tag: [INFERRED] embedded-ui         → Domains: SaaS
Tag: consent                        → Domains: FinTech, SaaS
Tag: [INFERRED] progressive-rollout → Domains: SaaS
Tag: [INFERRED] latency             → Domains: FinTech, SaaS
Tag: encryption                     → Domains: FinTech
Tag: reporting-ledger               → Domains: FinTech
Tag: instrumentation                → Domains: SaaS
Tag: continuous-learning            → Domains: SaaS
Tag: urgency                        → Domains: SaaS
Tag: restful                        → Domains: FinTech
Tag: ledger management              → Domains: FinTech
Tag: [INFERRED] regression          → Domains: SaaS
Tag: multi-rate                     → Domains: FinTech
Tag: user data                      → Domains: FinTech
Tag: [INFERRED] adaptability        → Domains: Security
Tag: compliance                     → Domains: Compliance and Security, FinTech, SaaS, Security
Tag: tracking                       → Domains: FinTech, SaaS
Tag: trend                          → Domains: SaaS
Tag: scheduling                     → Domains: FinTech, SaaS
Tag: [INFERRED] income verification → Domains: FinTech
Tag: [INFERRED] billing             → Domains: SaaS
Tag: sox                            → Domains: FinTech
Tag: updates                        → Domains: SaaS
Tag: Root Cause Analysis            → Domains: SaaS
Tag: billing history                → Domains: SaaS
Tag: help                           → Domains: FinTech, SaaS
Tag: rate_limiting                  → Domains: SaaS
Tag: [INFERRED] concurrency         → Domains: FinTech, SaaS
Tag: connection                     → Domains: FinTech
Tag: [INFERRED] real-time           → Domains: FinTech
Tag: segregation                    → Domains: FinTech
Tag: ci_cd                          → Domains: SaaS
Tag: [INFERRED] regulatory reporting → Domains: FinTech
Tag: [INFERRED] timing              → Domains: SaaS
Tag: [INFERRED] outage-handling     → Domains: FinTech
Tag: [INFERRED] retry               → Domains: FinTech
Tag: mirror                         → Domains: SaaS
Tag: filters                        → Domains: SaaS
Tag: cohort_definition              → Domains: SaaS
Tag: calculator                     → Domains: FinTech
Tag: rate limiting                  → Domains: FinTech
Tag: insurance                      → Domains: FinTech
Tag: warnings                       → Domains: SaaS
Tag: [INFERRED] simulation          → Domains: FinTech
Tag: risk                           → Domains: FinTech
Tag: realtime                       → Domains: FinTech, SaaS
Tag: dashboards                     → Domains: FinTech, SaaS
Tag: [INFERRED] maintainability     → Domains: FinTech
Tag: collision handling             → Domains: SaaS
Tag: rates                          → Domains: FinTech
Tag: rolebasedaccess                → Domains: Security
Tag: mixedcurrencypayouts           → Domains: FinTech
Tag: [INFERRED] detection           → Domains: SaaS
Tag: [INFERRED] regulatory          → Domains: SaaS
Tag: real-time                      → Domains: FinTech, SaaS
Tag: [INFERRED] multi-user          → Domains: FinTech
Tag: browsers                       → Domains: SaaS
Tag: gst                            → Domains: FinTech
Tag: architecture                   → Domains: FinTech
Tag: fx-rates                       → Domains: FinTech
Tag: quality                        → Domains: FinTech
Tag: cancellation                   → Domains: FinTech
Tag: metrics                        → Domains: FinTech, SaaS
Tag: segmentation                   → Domains: SaaS
Tag: accessibility                  → Domains: FinTech, SaaS
Tag: optimization                   → Domains: FinTech, SaaS
Tag: income                         → Domains: FinTech
Tag: user-interface                 → Domains: FinTech
Tag: duplicate-resolution           → Domains: SaaS
Tag: assignment rules               → Domains: SaaS
Tag: multi-language                 → Domains: SaaS
Tag: api                            → Domains: FinTech, SaaS
Tag: rollback                       → Domains: FinTech, SaaS
Tag: roles                          → Domains: SaaS
Tag: duplicate-detection            → Domains: SaaS
Tag: vendor                         → Domains: SaaS
Tag: timezone                       → Domains: FinTech, SaaS
Tag: settings                       → Domains: SaaS, SaaS Analytics
Tag: coppa                          → Domains: FinTech
Tag: [INFERRED] gdpr                → Domains: FinTech
Tag: [INFERRED] fallback            → Domains: FinTech, SaaS
Tag: [INFERRED] education           → Domains: FinTech, SaaS Analytics
Tag: [INFERRED] analysis            → Domains: SaaS
Tag: [INFERRED] data_protection     → Domains: FinTech, SaaS
Tag: regulatory                     → Domains: Compliance and Security, FinTech
Tag: preferences                    → Domains: SaaS
Tag: [INFERRED] transparency        → Domains: FinTech, SaaS
Tag: timer                          → Domains: FinTech
Tag: headless                       → Domains: SaaS
Tag: [INFERRED] user-trust          → Domains: FinTech
Tag: rest                           → Domains: FinTech
Tag: regulation                     → Domains: Compliance and Security, FinTech, SaaS
Tag: atomicity                      → Domains: FinTech
Tag: [INFERRED] audit               → Domains: FinTech, SaaS
Tag: [INFERRED] prorated upgrades   → Domains: SaaS
Tag: fraud-prevention               → Domains: SaaS
Tag: qualityassurance               → Domains: FinTech
Tag: dual-ledger                    → Domains: FinTech
Tag: dual-tax                       → Domains: FinTech
Tag: right-to-erasure               → Domains: FinTech
Tag: batchpayouts                   → Domains: FinTech
Tag: model                          → Domains: SaaS
Tag: i18n                           → Domains: SaaS
Tag: [INFERRED] flexibility         → Domains: FinTech, SaaS
Tag: buyin                          → Domains: SaaS
Tag: maintainability                → Domains: FinTech, SaaS
Tag: quickstart                     → Domains: SaaS
Tag: [INFERRED] securitycompliance  → Domains: Security
Tag: SLA                            → Domains: SaaS
Tag: user-action                    → Domains: SaaS
Tag: partial                        → Domains: FinTech
Tag: sandbox environments           → Domains: FinTech
Tag: screenshots                    → Domains: SaaS
Tag: plans                          → Domains: SaaS
Tag: [INFERRED] comparison          → Domains: SaaS Analytics
Tag: retry                          → Domains: FinTech
Tag: opt-out                        → Domains: SaaS
Tag: timestamp                      → Domains: FinTech
Tag: [INFERRED] location-resolution → Domains: SaaS
Tag: change-management              → Domains: SaaS
Tag: [INFERRED] user-experience     → Domains: FinTech
Tag: cohort_updates                 → Domains: SaaS
Tag: [INFERRED] immutable           → Domains: FinTech
Tag: help-center                    → Domains: SaaS
Tag: external                       → Domains: SaaS
Tag: [INFERRED] API                 → Domains: FinTech
Tag: schema                         → Domains: FinTech, SaaS
Tag: rate limit policies            → Domains: FinTech
Tag: efficiency                     → Domains: SaaS
Tag: fee query                      → Domains: FinTech
Tag: crm_integration                → Domains: SaaS
Tag: auditlogs                      → Domains: FinTech
Tag: aml                            → Domains: FinTech
Tag: client-support                 → Domains: FinTech
Tag: data                           → Domains: FinTech, SaaS
Tag: exceptiontracking              → Domains: Security
Tag: integration                    → Domains: FinTech, SaaS
Tag: real-time posting              → Domains: FinTech
Tag: [INFERRED] updatedlogs         → Domains: FinTech
Tag: [INFERRED] period-alignment    → Domains: SaaS
Tag: burst-control                  → Domains: FinTech
Tag: rate-lock                      → Domains: FinTech
Tag: phone                          → Domains: SaaS
Tag: [INFERRED] policy              → Domains: SaaS
Tag: [INFERRED] leadership          → Domains: SaaS
Tag: exemptions                     → Domains: FinTech
Tag: data-normalization             → Domains: FinTech
Tag: decay_parameters               → Domains: SaaS
Tag: screening                      → Domains: FinTech
Tag: export                         → Domains: Compliance and Security, FinTech, SaaS, SaaS Analytics
Tag: historical                     → Domains: SaaS
Tag: import                         → Domains: SaaS
Tag: operations                     → Domains: FinTech
Tag: migration                      → Domains: FinTech, SaaS
Tag: [INFERRED] integrity           → Domains: SaaS
Tag: frontend                       → Domains: FinTech, SaaS
Tag: manual-review                  → Domains: FinTech
Tag: [INFERRED] platform connectivity → Domains: FinTech
Tag: browser-matrix                 → Domains: SaaS
Tag: error                          → Domains: FinTech
Tag: inaccuracy                     → Domains: FinTech
Tag: authorization                  → Domains: FinTech
Tag: heatmap                        → Domains: SaaS, SaaS Analytics
Tag: analytics_data_store           → Domains: SaaS
Tag: user experience                → Domains: FinTech, SaaS
Tag: falsepositives                 → Domains: FinTech
Tag: fuzzy-matching                 → Domains: SaaS
Tag: [INFERRED] interoperability    → Domains: FinTech, SaaS Analytics
Tag: admin portal                   → Domains: SaaS
Tag: assignment                     → Domains: SaaS
Tag: error handling                 → Domains: FinTech
Tag: fee spike                      → Domains: FinTech
Tag: tax                            → Domains: FinTech, SaaS
Tag: dispute                        → Domains: FinTech
Tag: geo-targeting                  → Domains: SaaS
Tag: transactionmanagement          → Domains: FinTech
Tag: queue                          → Domains: FinTech
Tag: deletion                       → Domains: FinTech
Tag: customization                  → Domains: FinTech
Tag: logic development              → Domains: FinTech
Tag: fault-tolerance                → Domains: SaaS
Tag: [INFERRED] event-logging       → Domains: SaaS
Tag: ci-cd                          → Domains: SaaS
Tag: configuration                  → Domains: FinTech, SaaS
Tag: access-control                 → Domains: FinTech
Tag: privacy laws                   → Domains: SaaS
Tag: [INFERRED] artifact-retention  → Domains: SaaS
Tag: mismatch                       → Domains: FinTech
Tag: usage metrics                  → Domains: FinTech
Tag: batch-processing               → Domains: FinTech
Tag: changelog                      → Domains: SaaS
Tag: righttoerasure                 → Domains: FinTech
Tag: workflow                       → Domains: FinTech, SaaS
Tag: user_experience                → Domains: SaaS
Tag: behavioral_intelligence        → Domains: SaaS
Tag: engine                         → Domains: FinTech
Tag: risk-management                → Domains: FinTech
Tag: alerts                         → Domains: FinTech, SaaS
Tag: minor                          → Domains: FinTech
Tag: dual-gst                       → Domains: FinTech
Tag: [INFERRED] workflow            → Domains: SaaS
Tag: availability                   → Domains: FinTech
Tag: conflict-resolution            → Domains: SaaS
Tag: location awareness             → Domains: SaaS
Tag: earnings                       → Domains: FinTech
Tag: [INFERRED] personalization     → Domains: SaaS
Tag: data-merge                     → Domains: SaaS
Tag: subscriptions                  → Domains: SaaS
Tag: feature flags                  → Domains: SaaS
Tag: email                          → Domains: FinTech, SaaS
Tag: [INFERRED] cryptography        → Domains: FinTech
Tag: churn_prevention               → Domains: SaaS
Tag: docs                           → Domains: SaaS, SaaS Analytics
Tag: edge cases                     → Domains: SaaS
Tag: [INFERRED] prioritization      → Domains: SaaS
Tag: anti-spoofing                  → Domains: FinTech
Tag: quarantine                     → Domains: SaaS
Tag: [INFERRED] data-retention      → Domains: SaaS
Tag: sms                            → Domains: FinTech
Tag: dynamic                        → Domains: FinTech
Tag: rules                          → Domains: FinTech, SaaS
Tag: rate-limiting                  → Domains: FinTech, SaaS
Tag: [INFERRED] countdown           → Domains: FinTech
Tag: [INFERRED] data-protection     → Domains: SaaS
Tag: self-service                   → Domains: FinTech, SaaS
Tag: deeplink                       → Domains: SaaS
Tag: recovery                       → Domains: FinTech
Tag: downgrades                     → Domains: SaaS
Tag: unsubscribe                    → Domains: SaaS
Tag: [INFERRED] UI                  → Domains: SaaS
Tag: names                          → Domains: SaaS
Tag: role-based access              → Domains: FinTech
Tag: aggregation                    → Domains: FinTech
Tag: lock                           → Domains: FinTech, SaaS
Tag: [INFERRED] self-service        → Domains: FinTech, SaaS
Tag: configurable                   → Domains: SaaS
Tag: calculations                   → Domains: SaaS
Tag: support                        → Domains: FinTech, SaaS, SaaS Analytics
Tag: customer_support               → Domains: SaaS
Tag: beta                           → Domains: FinTech
Tag: handoff                        → Domains: FinTech
Tag: retroactive                    → Domains: FinTech
Tag: logic                          → Domains: FinTech, SaaS
Tag: currency                       → Domains: FinTech
Tag: dashboard                      → Domains: FinTech, SaaS
Tag: reliability                    → Domains: FinTech, SaaS
Tag: 2fa                            → Domains: SaaS, Security
Tag: [INFERRED] validation          → Domains: FinTech
Tag: dates                          → Domains: SaaS
Tag: multi-factor approval          → Domains: FinTech
Tag: [INFERRED] access control      → Domains: Compliance and Security
Tag: [INFERRED] rollout             → Domains: FinTech
Tag: algorithms                     → Domains: SaaS
Tag: [INFERRED] cancellation        → Domains: FinTech
Tag: [INFERRED] retraining          → Domains: SaaS
Tag: [INFERRED] reconciliation      → Domains: FinTech
Tag: api-key                        → Domains: SaaS
Tag: [INFERRED] legal               → Domains: FinTech, SaaS
Tag: [INFERRED] escalation          → Domains: SaaS
Tag: [INFERRED] QA                  → Domains: SaaS
Tag: traceability                   → Domains: Compliance and Security, FinTech, SaaS
Tag: shared inbox                   → Domains: SaaS
Tag: [INFERRED] logging             → Domains: FinTech
Tag: transaction                    → Domains: FinTech
Tag: sensitiveoperations            → Domains: FinTech
Tag: spec                           → Domains: FinTech
Tag: nlp                            → Domains: SaaS
Tag: feature-toggle                 → Domains: FinTech
Tag: auditing                       → Domains: FinTech, SaaS
Tag: [INFERRED] immutability        → Domains: FinTech
Tag: cryptography                   → Domains: FinTech
Tag: alerting                       → Domains: FinTech, SaaS
Tag: reconciliation                 → Domains: FinTech
Tag: opt_out                        → Domains: SaaS
Tag: sync-control                   → Domains: SaaS
Tag: financial reporting            → Domains: FinTech
Tag: analytics                      → Domains: FinTech, SaaS, SaaS Analytics
Tag: personalization                → Domains: SaaS
Tag: ux                             → Domains: FinTech, SaaS
Tag: device_coordination            → Domains: SaaS
Tag: error-handling                 → Domains: FinTech, SaaS Analytics
Tag: cohorts                        → Domains: SaaS, SaaS Analytics
Tag: manualreview                   → Domains: FinTech
Tag: implementation                 → Domains: FinTech, SaaS
Tag: safety                         → Domains: SaaS
Tag: [INFERRED] reporting           → Domains: FinTech, SaaS
Tag: [INFERRED] fraud               → Domains: FinTech, SaaS
Tag: external services              → Domains: SaaS
Tag: infrastructure                 → Domains: FinTech, SaaS
Tag: regression                     → Domains: SaaS
Tag: [INFERRED] scheduling          → Domains: SaaS
Tag: [INFERRED] advanced-filtering  → Domains: SaaS
Tag: [INFERRED] tooling             → Domains: SaaS
Tag: localization                   → Domains: SaaS
Tag: conflict                       → Domains: FinTech, SaaS
Tag: [INFERRED] geo-segmentation    → Domains: SaaS
Tag: events                         → Domains: SaaS
Tag: collision                      → Domains: SaaS
Tag: webhook                        → Domains: FinTech, SaaS
Tag: partners                       → Domains: FinTech
Tag: kpi                            → Domains: Compliance and Security, SaaS
Tag: detection                      → Domains: Compliance and Security, FinTech, SaaS
Tag: [INFERRED] debugging           → Domains: SaaS
Tag: visualization                  → Domains: SaaS, SaaS Analytics
Tag: [INFERRED] transitionplan      → Domains: FinTech
Tag: [INFERRED] recipient_control   → Domains: SaaS
Tag: [INFERRED] edge-cases          → Domains: FinTech
Tag: ui-testing                     → Domains: SaaS
Tag: [INFERRED] data integrity      → Domains: SaaS
Tag: regulatory-standards           → Domains: FinTech
Tag: [INFERRED] developer-experience → Domains: FinTech
Tag: [INFERRED] messaging           → Domains: FinTech
Tag: estimation                     → Domains: FinTech
Tag: edge-cases                     → Domains: FinTech, SaaS
Tag: coverage                       → Domains: FinTech, SaaS
Tag: edge_cases                     → Domains: SaaS
Tag: search                         → Domains: SaaS
Tag: kyc                            → Domains: FinTech
Tag: [INFERRED] customization       → Domains: FinTech
Tag: [INFERRED] architecture        → Domains: FinTech
Tag: [INFERRED] traceability        → Domains: FinTech, SaaS
Tag: [INFERRED] compatibility       → Domains: SaaS
Tag: metadata                       → Domains: FinTech
Tag: [INFERRED] data-verification   → Domains: FinTech
Tag: dependencies                   → Domains: SaaS
Tag: patterns                       → Domains: FinTech
Tag: real-time monitoring           → Domains: FinTech
Tag: CI/CD                          → Domains: SaaS
Tag: provincial tax                 → Domains: FinTech
Tag: [INFERRED] usability           → Domains: FinTech, SaaS, Security
Tag: [INFERRED] globalization       → Domains: SaaS
Tag: deduplication                  → Domains: FinTech, SaaS
Tag: ml                             → Domains: FinTech, SaaS
Tag: [INFERRED] lending             → Domains: FinTech
Tag: edgecase                       → Domains: FinTech
Tag: threaded_discussions           → Domains: SaaS
Tag: datadeletion                   → Domains: FinTech
Tag: storage                        → Domains: Compliance and Security, FinTech, SaaS
Tag: payment processing             → Domains: SaaS
Tag: sla                            → Domains: FinTech, SaaS
Tag: ai                             → Domains: SaaS
Tag: [INFERRED] guidance            → Domains: SaaS Analytics
Tag: abuse                          → Domains: SaaS
Tag: compatibility                  → Domains: FinTech, SaaS
Tag: user-option                    → Domains: SaaS
Tag: abuse-detection                → Domains: FinTech
Tag: rate-limit                     → Domains: SaaS
Tag: concurrency                    → Domains: FinTech, SaaS
Tag: [INFERRED] user profiling      → Domains: SaaS
Tag: [INFERRED] quality_assurance   → Domains: SaaS
Tag: onboarding                     → Domains: FinTech, SaaS
Tag: privacy                        → Domains: FinTech, SaaS
Tag: burst limits                   → Domains: FinTech
Tag: [INFERRED] accessibility       → Domains: FinTech, SaaS
Tag: upgrade                        → Domains: FinTech, SaaS
Tag: sentiment                      → Domains: SaaS
Tag: reporting                      → Domains: Compliance and Security, FinTech, SaaS, SaaS Analytics
Tag: congestion                     → Domains: FinTech
Tag: integrations                   → Domains: SaaS
Tag: [INFERRED] logic               → Domains: SaaS
Tag: [INFERRED] onboarding          → Domains: FinTech, SaaS
Tag: [INFERRED] least-privilege     → Domains: FinTech
Tag: priority                       → Domains: SaaS
Tag: [INFERRED] role-consistency    → Domains: SaaS
Tag: auditrail                      → Domains: FinTech
Tag: locking                        → Domains: FinTech, SaaS
Tag: endpoint                       → Domains: FinTech
Tag: earnings summary               → Domains: FinTech
Tag: gig workers                    → Domains: FinTech
Tag: [INFERRED] compliance          → Domains: FinTech, SaaS
Tag: authentication                 → Domains: FinTech, SaaS
Tag: [INFERRED] integration         → Domains: FinTech, SaaS
Tag: real-time updates              → Domains: FinTech
Tag: transaction-management         → Domains: FinTech
Tag: geo-ip                         → Domains: SaaS
Tag: scalable                       → Domains: SaaS
Tag: rule-management                → Domains: FinTech
Tag: update                         → Domains: SaaS
Tag: virtualcard                    → Domains: FinTech
Tag: real-time-analytics            → Domains: SaaS
Tag: deployment                     → Domains: FinTech, SaaS
Tag: user-guide                     → Domains: SaaS
Tag: prompt                         → Domains: SaaS
Tag: [INFERRED] enablement          → Domains: SaaS
Tag: debugging                      → Domains: SaaS
Tag: filtering                      → Domains: Compliance and Security, FinTech, SaaS
Tag: phantom-balance                → Domains: FinTech
Tag: [INFERRED] knowledge-base      → Domains: FinTech
Tag: charts                         → Domains: SaaS
Tag: emi                            → Domains: FinTech
Tag: replies                        → Domains: SaaS
Tag: tooling                        → Domains: FinTech
Tag: alert                          → Domains: FinTech, SaaS
Tag: notification                   → Domains: FinTech, SaaS
Tag: pagination                     → Domains: FinTech
Tag: merge                          → Domains: SaaS
Tag: access control                 → Domains: FinTech
Tag: [INFERRED] api                 → Domains: FinTech
Tag: [INFERRED] microtransactions   → Domains: FinTech
Tag: [INFERRED] safety              → Domains: FinTech
Tag: [INFERRED] rollback            → Domains: FinTech
Tag: batchprocessing                → Domains: FinTech
Tag: [INFERRED] dynamic content     → Domains: SaaS
Tag: ui                             → Domains: FinTech, SaaS
Tag: micro-transaction              → Domains: FinTech
Tag: financialregulations           → Domains: FinTech
Tag: access_logs                    → Domains: SaaS
Tag: diagnostics                    → Domains: SaaS
Tag: identity                       → Domains: FinTech
Tag: deliverability                 → Domains: SaaS
Tag: pci                            → Domains: FinTech
Tag: [INFERRED] ml                  → Domains: FinTech
Tag: refund                         → Domains: FinTech
Tag: [INFERRED] engine              → Domains: SaaS
Tag: slack                          → Domains: FinTech
Tag: incident-response              → Domains: FinTech
Tag: [INFERRED] authentication      → Domains: FinTech
Tag: [INFERRED] flags               → Domains: SaaS
Tag: proration                      → Domains: SaaS
Tag: [INFERRED] access-control      → Domains: FinTech
Tag: navigation                     → Domains: SaaS
Tag: duplicates                     → Domains: SaaS
Tag: artifacts                      → Domains: SaaS
Tag: false-positive                 → Domains: FinTech
Tag: lifecycle                      → Domains: FinTech
Tag: refunds                        → Domains: FinTech
Tag: crm                            → Domains: SaaS
Tag: [INFERRED] training            → Domains: SaaS
Tag: [INFERRED] data analysis       → Domains: Compliance and Security
Tag: [INFERRED] user confirmation   → Domains: FinTech
Tag: design                         → Domains: FinTech, SaaS
Tag: logs                           → Domains: Compliance and Security, FinTech, SaaS
Tag: [INFERRED] ledger-management   → Domains: FinTech
Tag: abuse prevention               → Domains: FinTech
Tag: api-documentation              → Domains: FinTech
Tag: [INFERRED] deduplication       → Domains: SaaS Analytics
Tag: config                         → Domains: FinTech, SaaS
Tag: threading                      → Domains: SaaS
Tag: phantom-reversals              → Domains: FinTech
Tag: [INFERRED] implementation      → Domains: FinTech
Tag: audit-trails                   → Domains: FinTech
Tag: payoutstatus                   → Domains: FinTech
Tag: immutable logging              → Domains: FinTech
Tag: standards                      → Domains: FinTech
Tag: manual                         → Domains: FinTech, SaaS
Tag: advanced                       → Domains: FinTech
Tag: webhooks                       → Domains: FinTech, SaaS
Tag: dataclassification             → Domains: FinTech
Tag: [INFERRED] kpi-tracking        → Domains: SaaS
Tag: documentation                  → Domains: Compliance and Security, FinTech, SaaS
Tag: datalineage                    → Domains: FinTech
Tag: manually                       → Domains: SaaS
Tag: json                           → Domains: SaaS
Tag: filter                         → Domains: Compliance and Security, FinTech, SaaS
Tag: [INFERRED] risk management     → Domains: FinTech
Tag: [INFERRED] query-interface     → Domains: SaaS
Tag: [INFERRED] data-minimization   → Domains: FinTech
Tag: caching                        → Domains: FinTech
Tag: operational-ledger             → Domains: FinTech
Tag: tagging                        → Domains: SaaS
Tag: [INFERRED] recovery            → Domains: FinTech
Tag: decisioning                    → Domains: FinTech
Tag: testing-guides                 → Domains: SaaS
Tag: pilot                          → Domains: FinTech
Tag: [INFERRED] recipient_experience → Domains: SaaS
Tag: enforcement                    → Domains: FinTech
Tag: oracle                         → Domains: FinTech
Tag: [INFERRED] constraints         → Domains: SaaS
Tag: contacts                       → Domains: SaaS
Tag: meta-log                       → Domains: FinTech
Tag: customer                       → Domains: SaaS
Tag: [INFERRED] automation          → Domains: FinTech, SaaS
Tag: [INFERRED] analytics           → Domains: FinTech, SaaS
Tag: resilience                     → Domains: FinTech, SaaS
Tag: portal                         → Domains: FinTech
Tag: details                        → Domains: FinTech
Tag: edge-case                      → Domains: FinTech, SaaS, SaaS Analytics
Tag: mfa                            → Domains: FinTech
Tag: appspecificoverrides           → Domains: Security
Tag: remediation                    → Domains: SaaS
Tag: normalization                  → Domains: FinTech
Tag: blockchain                     → Domains: FinTech
Tag: phantom-balances               → Domains: FinTech
Tag: [INFERRED] authorization       → Domains: FinTech
Tag: fallback                       → Domains: FinTech, SaaS
Tag: instant feedback               → Domains: FinTech
Tag: content                        → Domains: FinTech, SaaS
Tag: failover                       → Domains: SaaS
Tag: [INFERRED] portal              → Domains: SaaS
Tag: failurehandling                → Domains: FinTech
Tag: inbox                          → Domains: SaaS
Tag: [INFERRED] data accuracy       → Domains: FinTech
Tag: query                          → Domains: Compliance and Security, FinTech, SaaS
Tag: registration                   → Domains: FinTech
Tag: doordash                       → Domains: FinTech
Tag: [INFERRED] i18n                → Domains: FinTech
Tag: [INFERRED] geolocation         → Domains: SaaS
Tag: eligibility rules              → Domains: FinTech
Tag: overrides                      → Domains: FinTech
Tag: complianceReporting            → Domains: Security
Tag: admin                          → Domains: FinTech, SaaS
Tag: rollouts                       → Domains: SaaS
Tag: upwork                         → Domains: FinTech
Tag: confirmation                   → Domains: FinTech
Tag: anomaly                        → Domains: Compliance and Security, SaaS
Tag: [INFERRED] metrics             → Domains: SaaS
Tag: batch                          → Domains: FinTech
Tag: cicd                           → Domains: SaaS
Tag: revalidation                   → Domains: FinTech
Tag: exception                      → Domains: FinTech
Tag: usernotification               → Domains: Security
Tag: invoicing                      → Domains: FinTech, SaaS
Tag: tools                          → Domains: FinTech
Tag: [INFERRED] collaboration       → Domains: SaaS
Tag: [INFERRED] coverage            → Domains: FinTech
Tag: auto-merge                     → Domains: SaaS
Tag: [INFERRED] reliability         → Domains: FinTech, SaaS
Tag: salesforce                     → Domains: SaaS
Tag: communication                  → Domains: FinTech, SaaS
Tag: setup                          → Domains: SaaS
Tag: decay                          → Domains: SaaS
Tag: [INFERRED] encryption          → Domains: FinTech
Tag: translation                    → Domains: SaaS
Tag: upgrades                       → Domains: SaaS
Tag: ui_testing                     → Domains: SaaS
Tag: integrity                      → Domains: FinTech
Tag: dataretention                  → Domains: FinTech
Tag: audit                          → Domains: FinTech, SaaS
Tag: data protection                → Domains: FinTech
Tag: prorated upgrades              → Domains: SaaS
Tag: overlay                        → Domains: SaaS Analytics
Tag: verification                   → Domains: FinTech
Tag: hubspot                        → Domains: SaaS
Tag: [INFERRED] security            → Domains: Compliance and Security, FinTech, SaaS
Tag: gdpr                           → Domains: FinTech, SaaS
Tag: cohort_analysis                → Domains: SaaS
Tag: [INFERRED] alerting            → Domains: SaaS
Tag: [INFERRED] engineering         → Domains: SaaS
Tag: usability                      → Domains: FinTech, SaaS, SaaS Analytics
Tag: [INFERRED] configurability     → Domains: FinTech, SaaS Analytics
Tag: test-plans                     → Domains: FinTech
Tag: status                         → Domains: FinTech, SaaS
Tag: rollout                        → Domains: FinTech, SaaS
Tag: review                         → Domains: FinTech, SaaS
Tag: [INFERRED] optimization        → Domains: SaaS
Tag: [INFERRED] accuracy            → Domains: FinTech
Tag: classification                 → Domains: FinTech, SaaS
Tag: [INFERRED] trends              → Domains: SaaS, SaaS Analytics
Tag: help_article                   → Domains: SaaS
Tag: operational                    → Domains: FinTech
Tag: time_decay                     → Domains: SaaS
Tag: telemetry                      → Domains: SaaS
Tag: oauth                          → Domains: FinTech, SaaS
Tag: userguidance                   → Domains: Security
Tag: data_visualization             → Domains: SaaS
Tag: sandbox                        → Domains: FinTech
Tag: a/b testing                    → Domains: SaaS
Tag: credits                        → Domains: SaaS
Tag: logging                        → Domains: Compliance and Security, FinTech, SaaS
Tag: phantom balance                → Domains: FinTech
Tag: sync                           → Domains: SaaS
Tag: [INFERRED] alerts              → Domains: SaaS
Tag: trigger_prioritization         → Domains: SaaS
Tag: [INFERRED] child_protection    → Domains: FinTech
Tag: training                       → Domains: Compliance and Security, FinTech, SaaS
Tag: consistency                    → Domains: Compliance and Security, FinTech
Tag: video                          → Domains: SaaS
Tag: [INFERRED] communication       → Domains: FinTech, SaaS
Tag: crm-sync                       → Domains: SaaS
Tag: [INFERRED] layout              → Domains: SaaS

Domain coverage summary:
  SaaS: 434 tags
  FinTech: 458 tags
  Compliance and Security: 29 tags
  SaaS Analytics: 24 tags
  Security: 11 tags

Total tags with domains: 759
Total tags with NO domain: 0

Subset/superset checks:
  rtl                           : v1 domains == v2 domains ({'SaaS'})
  latency                       : v1 domains == v2 domains ({'FinTech'})
  scheduled payments            : v1 domains == v2 domains ({'FinTech'})
  recommendations               : v1 domains == v2 domains ({'SaaS'})
  flakiness                     : v1 domains == v2 domains ({'SaaS'})
  staging                       : v1 domains == v2 domains ({'SaaS'})
  uber                          : v1 domains == v2 domains ({'FinTech'})
  legal                         : v2 domains ⊂ v1 domains ({'FinTech'} < {'SaaS', 'FinTech'})
  rbac                          : v2 domains ⊂ v1 domains ({'FinTech'} < {'SaaS', 'FinTech', 'Compliance and Security'})
  best practices                : v1 domains == v2 domains ({'Compliance and Security'})
  checkout                      : v1 domains == v2 domains ({'FinTech'})
  failure                       : v1 domains == v2 domains ({'FinTech'})
  comments                      : v1 domains == v2 domains ({'SaaS'})
  fiverr                        : v1 domains == v2 domains ({'FinTech'})
  guardian                      : v1 domains == v2 domains ({'FinTech'})
  components                    : v1 domains == v2 domains ({'SaaS'})
  tenant segment                : v1 domains == v2 domains ({'FinTech'})
  guide                         : v1 domains == v2 domains ({'SaaS'})
  creditworthiness              : v1 domains == v2 domains ({'FinTech'})
  security                      : v1 domains == v2 domains ({'SaaS', 'FinTech'})
  manual review                 : v1 domains == v2 domains ({'SaaS'})
  highlighting                  : v1 domains == v2 domains ({'SaaS'})
  nps                           : v1 domains == v2 domains ({'SaaS'})
  fraud                         : v1 domains == v2 domains ({'FinTech'})
  responsive                    : v1 domains == v2 domains ({'FinTech'})
  commenting                    : v1 domains == v2 domains ({'SaaS'})
  preview                       : v1 domains == v2 domains ({'SaaS', 'FinTech'})
  multi-currency                : v1 domains == v2 domains ({'FinTech'})
  access                        : v1 domains == v2 domains ({'FinTech'})
  automation                    : v2 domains ⊂ v1 domains ({'SaaS', 'FinTech'} < {'SaaS', 'SaaS Analytics', 'FinTech'})
  feedback                      : v1 domains == v2 domains ({'SaaS', 'FinTech'})
  messaging                     : v1 domains == v2 domains ({'SaaS', 'FinTech'})
  quality assurance             : v1 domains == v2 domains ({'SaaS'})
  mobile                        : v1 domains == v2 domains ({'SaaS', 'FinTech'})
  product                       : v1 domains == v2 domains ({'SaaS'})
  transparency                  : v1 domains == v2 domains ({'SaaS', 'FinTech'})
  billing                       : v1 domains == v2 domains ({'SaaS', 'FinTech'})
  delivery                      : v1 domains == v2 domains ({'SaaS', 'FinTech'})
  retention                     : v1 domains == v2 domains ({'SaaS', 'SaaS Analytics', 'FinTech'})
  synchronization               : v1 domains == v2 domains ({'FinTech'})
  channel                       : v1 domains == v2 domains ({'SaaS'})
  routing                       : v1 domains == v2 domains ({'SaaS'})
  audit log gaps                : v1 domains == v2 domains ({'Compliance and Security'})
  data connection               : v1 domains == v2 domains ({'FinTech'})
  validation                    : v1 domains == v2 domains ({'SaaS', 'FinTech'})
  regulations                   : v1 domains == v2 domains ({'FinTech'})
  change log                    : v1 domains == v2 domains ({'SaaS'})
  state                         : v1 domains == v2 domains ({'FinTech'})
  cohort_membership             : v1 domains == v2 domains ({'SaaS'})
  performance                   : v1 domains == v2 domains ({'SaaS', 'Compliance and Security', 'FinTech'})
  fx                            : v1 domains == v2 domains ({'FinTech'})
  undo                          : v1 domains == v2 domains ({'SaaS'})
  resolution-workflows          : v1 domains == v2 domains ({'FinTech'})
  invoice                       : v1 domains == v2 domains ({'SaaS', 'FinTech'})
  gas-fee                       : v1 domains == v2 domains ({'FinTech'})
  session                       : v1 domains == v2 domains ({'FinTech', 'Compliance and Security'})
  adjust                        : v1 domains == v2 domains ({'FinTech'})
  backend                       : v1 domains == v2 domains ({'SaaS', 'FinTech'})
  pdf                           : v1 domains == v2 domains ({'SaaS'})
  eligibility                   : v1 domains == v2 domains ({'FinTech'})
  multi-channel                 : v1 domains == v2 domains ({'SaaS'})
  developer                     : v1 domains == v2 domains ({'SaaS'})
  masking                       : v1 domains == v2 domains ({'SaaS'})
  alternative                   : v1 domains == v2 domains ({'FinTech'})
  override                      : v1 domains == v2 domains ({'SaaS', 'FinTech'})
  matching                      : v1 domains == v2 domains ({'SaaS', 'FinTech'})
  lineage                       : v1 domains == v2 domains ({'FinTech'})
  parallel                      : v1 domains == v2 domains ({'SaaS'})
  multiple tax rates            : v1 domains == v2 domains ({'FinTech'})
  dryrun                        : v1 domains == v2 domains ({'SaaS'})
  payments                      : v2 domains ⊂ v1 domains ({'FinTech'} < {'SaaS', 'FinTech'})
  exemption                     : v1 domains == v2 domains ({'SaaS', 'FinTech'})
  formatting                    : v1 domains == v2 domains ({'SaaS'})
  pci-dss                       : v1 domains == v2 domains ({'FinTech'})
  gig income                    : v1 domains == v2 domains ({'FinTech'})
  enablement                    : v1 domains == v2 domains ({'SaaS'})
  redaction                     : v1 domains == v2 domains ({'FinTech'})
  resolution                    : v1 domains == v2 domains ({'FinTech'})
  SOX                           : v1 domains == v2 domains ({'FinTech'})
  openapi                       : v1 domains == v2 domains ({'FinTech'})
  layout                        : v1 domains == v2 domains ({'SaaS'})
  middleware                    : v1 domains == v2 domains ({'SaaS'})
  timing                        : v2 domains ⊂ v1 domains ({'SaaS'} < {'SaaS', 'FinTech'})
  API gateway                   : v1 domains == v2 domains ({'FinTech'})
  blocking                      : v1 domains == v2 domains ({'SaaS', 'FinTech'})
  real-time analytics           : v1 domains == v2 domains ({'SaaS'})
  database                      : v1 domains == v2 domains ({'SaaS', 'FinTech'})
  tenant management             : v1 domains == v2 domains ({'FinTech'})
  legacy                        : v1 domains == v2 domains ({'FinTech'})
  mixed-language                : v1 domains == v2 domains ({'SaaS'})
  scenario-based testing        : v1 domains == v2 domains ({'FinTech'})
  history                       : v1 domains == v2 domains ({'SaaS'})
  processing                    : v1 domains == v2 domains ({'FinTech'})
  display                       : v1 domains == v2 domains ({'FinTech'})
  testing                       : v1 domains == v2 domains ({'SaaS', 'FinTech'})
  monitoring                    : v1 domains == v2 domains ({'SaaS', 'FinTech'})
  disclosure                    : v1 domains == v2 domains ({'FinTech'})
  template                      : v1 domains == v2 domains ({'SaaS'})
  csv                           : v1 domains == v2 domains ({'SaaS'})
  consent                       : v1 domains == v2 domains ({'SaaS', 'FinTech'})
  encryption                    : v1 domains == v2 domains ({'FinTech'})
  reporting-ledger              : v1 domains == v2 domains ({'FinTech'})
  instrumentation               : v1 domains == v2 domains ({'SaaS'})
  urgency                       : v1 domains == v2 domains ({'SaaS'})
  restful                       : v1 domains == v2 domains ({'FinTech'})
  ledger management             : v1 domains == v2 domains ({'FinTech'})
  multi-rate                    : v1 domains == v2 domains ({'FinTech'})
  compliance                    : v1 domains ⊂ v2 domains ({'SaaS', 'Compliance and Security', 'FinTech'} < {'Security', 'SaaS', 'Compliance and Security', 'FinTech'})
  tracking                      : v1 domains == v2 domains ({'SaaS', 'FinTech'})
  trend                         : v1 domains == v2 domains ({'SaaS'})
  scheduling                    : v1 domains == v2 domains ({'SaaS', 'FinTech'})
  sox                           : v1 domains == v2 domains ({'FinTech'})
  updates                       : v1 domains == v2 domains ({'SaaS'})
  Root Cause Analysis           : v1 domains == v2 domains ({'SaaS'})
  billing history               : v1 domains == v2 domains ({'SaaS'})
  help                          : v1 domains == v2 domains ({'SaaS', 'FinTech'})
  rate_limiting                 : v1 domains == v2 domains ({'SaaS'})
  connection                    : v1 domains == v2 domains ({'FinTech'})
  segregation                   : v1 domains == v2 domains ({'FinTech'})
  ci_cd                         : v1 domains == v2 domains ({'SaaS'})
  cohort_definition             : v1 domains == v2 domains ({'SaaS'})
  calculator                    : v1 domains == v2 domains ({'FinTech'})
  insurance                     : v1 domains == v2 domains ({'FinTech'})
  warnings                      : v1 domains == v2 domains ({'SaaS'})
  risk                          : v1 domains == v2 domains ({'FinTech'})
  collision handling            : v1 domains == v2 domains ({'SaaS'})
  rates                         : v1 domains == v2 domains ({'FinTech'})
  browsers                      : v1 domains == v2 domains ({'SaaS'})
  gst                           : v1 domains == v2 domains ({'FinTech'})
  cancellation                  : v1 domains == v2 domains ({'FinTech'})
  metrics                       : v1 domains == v2 domains ({'SaaS', 'FinTech'})
  segmentation                  : v1 domains == v2 domains ({'SaaS'})
  accessibility                 : v1 domains == v2 domains ({'SaaS', 'FinTech'})
  optimization                  : v1 domains == v2 domains ({'SaaS', 'FinTech'})
  income                        : v1 domains == v2 domains ({'FinTech'})
  assignment rules              : v1 domains == v2 domains ({'SaaS'})
  multi-language                : v1 domains == v2 domains ({'SaaS'})
  api                           : v1 domains == v2 domains ({'SaaS', 'FinTech'})
  rollback                      : v1 domains == v2 domains ({'SaaS', 'FinTech'})
  roles                         : v1 domains == v2 domains ({'SaaS'})
  duplicate-detection           : v1 domains == v2 domains ({'SaaS'})
  vendor                        : v1 domains == v2 domains ({'SaaS'})
  timezone                      : v1 domains == v2 domains ({'SaaS', 'FinTech'})
  settings                      : v1 domains == v2 domains ({'SaaS', 'SaaS Analytics'})
  coppa                         : v1 domains == v2 domains ({'FinTech'})
  preferences                   : v1 domains == v2 domains ({'SaaS'})
  timer                         : v1 domains == v2 domains ({'FinTech'})
  headless                      : v1 domains == v2 domains ({'SaaS'})
  rest                          : v1 domains == v2 domains ({'FinTech'})
  regulation                    : v1 domains ⊂ v2 domains ({'SaaS', 'FinTech'} < {'SaaS', 'Compliance and Security', 'FinTech'})
  atomicity                     : v1 domains == v2 domains ({'FinTech'})
  [INFERRED] prorated upgrades  : v1 domains == v2 domains ({'SaaS'})
  dual-ledger                   : v1 domains == v2 domains ({'FinTech'})
  dual-tax                      : v1 domains == v2 domains ({'FinTech'})
  right-to-erasure              : v1 domains == v2 domains ({'FinTech'})
  model                         : v1 domains == v2 domains ({'SaaS'})
  i18n                          : v1 domains == v2 domains ({'SaaS'})
  maintainability               : v2 domains ⊂ v1 domains ({'FinTech'} < {'SaaS', 'FinTech'})
  quickstart                    : v1 domains == v2 domains ({'SaaS'})
  SLA                           : v1 domains == v2 domains ({'SaaS'})
  partial                       : v1 domains == v2 domains ({'FinTech'})
  sandbox environments          : v1 domains == v2 domains ({'FinTech'})
  screenshots                   : v1 domains == v2 domains ({'SaaS'})
  plans                         : v1 domains == v2 domains ({'SaaS'})
  retry                         : v1 domains == v2 domains ({'FinTech'})
  opt-out                       : v1 domains == v2 domains ({'SaaS'})
  timestamp                     : v1 domains == v2 domains ({'FinTech'})
  cohort_updates                : v1 domains == v2 domains ({'SaaS'})
  external                      : v1 domains == v2 domains ({'SaaS'})
  schema                        : v1 domains == v2 domains ({'SaaS', 'FinTech'})
  rate limit policies           : v1 domains == v2 domains ({'FinTech'})
  efficiency                    : v1 domains == v2 domains ({'SaaS'})
  auditlogs                     : v1 domains == v2 domains ({'FinTech'})
  aml                           : v1 domains == v2 domains ({'FinTech'})
  data                          : v1 domains == v2 domains ({'SaaS', 'FinTech'})
  integration                   : v1 domains == v2 domains ({'SaaS', 'FinTech'})
  real-time posting             : v1 domains == v2 domains ({'FinTech'})
  phone                         : v1 domains == v2 domains ({'SaaS'})
  decay_parameters              : v1 domains == v2 domains ({'SaaS'})
  screening                     : v1 domains == v2 domains ({'FinTech'})
  export                        : v1 domains == v2 domains ({'FinTech', 'SaaS', 'SaaS Analytics', 'Compliance and Security'})
  import                        : v1 domains == v2 domains ({'SaaS'})
  operations                    : v1 domains == v2 domains ({'FinTech'})
  migration                     : v1 domains == v2 domains ({'SaaS', 'FinTech'})
  manual-review                 : v1 domains == v2 domains ({'FinTech'})
  browser-matrix                : v1 domains == v2 domains ({'SaaS'})
  error                         : v1 domains == v2 domains ({'FinTech'})
  inaccuracy                    : v1 domains == v2 domains ({'FinTech'})
  authorization                 : v1 domains == v2 domains ({'FinTech'})
  heatmap                       : v2 domains ⊂ v1 domains ({'SaaS'} < {'SaaS', 'SaaS Analytics'})
  analytics_data_store          : v1 domains == v2 domains ({'SaaS'})
  user experience               : v1 domains == v2 domains ({'SaaS', 'FinTech'})
  assignment                    : v1 domains == v2 domains ({'SaaS'})
  fee spike                     : v1 domains == v2 domains ({'FinTech'})
  tax                           : v1 domains ⊂ v2 domains ({'SaaS'} < {'SaaS', 'FinTech'})
  dispute                       : v1 domains == v2 domains ({'FinTech'})
  geo-targeting                 : v1 domains == v2 domains ({'SaaS'})
  queue                         : v1 domains == v2 domains ({'FinTech'})
  deletion                      : v1 domains == v2 domains ({'FinTech'})
  privacy laws                  : v1 domains == v2 domains ({'SaaS'})
  mismatch                      : v1 domains == v2 domains ({'FinTech'})
  usage metrics                 : v1 domains == v2 domains ({'FinTech'})
  changelog                     : v1 domains == v2 domains ({'SaaS'})
  workflow                      : v1 domains == v2 domains ({'SaaS', 'FinTech'})
  user_experience               : v1 domains == v2 domains ({'SaaS'})
  engine                        : v1 domains == v2 domains ({'FinTech'})
  minor                         : v1 domains == v2 domains ({'FinTech'})
  dual-gst                      : v1 domains == v2 domains ({'FinTech'})
  availability                  : v1 domains == v2 domains ({'FinTech'})
  location awareness            : v1 domains == v2 domains ({'SaaS'})
  earnings                      : v1 domains == v2 domains ({'FinTech'})
  feature flags                 : v1 domains == v2 domains ({'SaaS'})
  email                         : v1 domains == v2 domains ({'SaaS', 'FinTech'})
  churn_prevention              : v1 domains == v2 domains ({'SaaS'})
  docs                          : v1 domains == v2 domains ({'SaaS', 'SaaS Analytics'})
  quarantine                    : v1 domains == v2 domains ({'SaaS'})
  sms                           : v1 domains == v2 domains ({'FinTech'})
  dynamic                       : v1 domains == v2 domains ({'FinTech'})
  rules                         : v1 domains == v2 domains ({'SaaS', 'FinTech'})
  downgrades                    : v1 domains == v2 domains ({'SaaS'})
  unsubscribe                   : v1 domains == v2 domains ({'SaaS'})
  aggregation                   : v1 domains == v2 domains ({'FinTech'})
  lock                          : v1 domains == v2 domains ({'SaaS', 'FinTech'})
  configurable                  : v1 domains == v2 domains ({'SaaS'})
  calculations                  : v1 domains == v2 domains ({'SaaS'})
  support                       : v1 domains == v2 domains ({'SaaS', 'SaaS Analytics', 'FinTech'})
  beta                          : v1 domains == v2 domains ({'FinTech'})
  retroactive                   : v1 domains == v2 domains ({'FinTech'})
  logic                         : v1 domains == v2 domains ({'SaaS', 'FinTech'})
  currency                      : v1 domains == v2 domains ({'FinTech'})
  dashboard                     : v1 domains == v2 domains ({'SaaS', 'FinTech'})
  reliability                   : v1 domains == v2 domains ({'SaaS', 'FinTech'})
  2fa                           : v1 domains == v2 domains ({'Security', 'SaaS'})
  dates                         : v1 domains == v2 domains ({'SaaS'})
  multi-factor approval         : v1 domains == v2 domains ({'FinTech'})
  algorithms                    : v1 domains == v2 domains ({'SaaS'})
  traceability                  : v1 domains == v2 domains ({'FinTech', 'SaaS', 'Compliance and Security'})
  shared inbox                  : v1 domains == v2 domains ({'SaaS'})
  transaction                   : v1 domains == v2 domains ({'FinTech'})
  nlp                           : v1 domains == v2 domains ({'SaaS'})
  feature-toggle                : v1 domains == v2 domains ({'FinTech'})
  reconciliation                : v1 domains == v2 domains ({'FinTech'})
  opt_out                       : v1 domains == v2 domains ({'SaaS'})
  financial reporting           : v1 domains == v2 domains ({'FinTech'})
  analytics                     : v1 domains == v2 domains ({'SaaS', 'SaaS Analytics', 'FinTech'})
  personalization               : v1 domains == v2 domains ({'SaaS'})
  ux                            : v1 domains == v2 domains ({'SaaS', 'FinTech'})
  device_coordination           : v1 domains == v2 domains ({'SaaS'})
  cohorts                       : v1 domains == v2 domains ({'SaaS', 'SaaS Analytics'})
  implementation                : v2 domains ⊂ v1 domains ({'FinTech'} < {'SaaS', 'FinTech'})
  external services             : v1 domains == v2 domains ({'SaaS'})
  infrastructure                : v1 domains == v2 domains ({'SaaS', 'FinTech'})
  regression                    : v1 domains == v2 domains ({'SaaS'})
  localization                  : v1 domains == v2 domains ({'SaaS'})
  conflict                      : v1 domains == v2 domains ({'SaaS', 'FinTech'})
  events                        : v1 domains == v2 domains ({'SaaS'})
  collision                     : v1 domains == v2 domains ({'SaaS'})
  webhook                       : v1 domains == v2 domains ({'SaaS', 'FinTech'})
  partners                      : v1 domains == v2 domains ({'FinTech'})
  kpi                           : v2 domains ⊂ v1 domains ({'SaaS'} < {'SaaS', 'Compliance and Security'})
  detection                     : v1 domains == v2 domains ({'SaaS', 'Compliance and Security', 'FinTech'})
  visualization                 : v1 domains == v2 domains ({'SaaS', 'SaaS Analytics'})
  [INFERRED] recipient_control  : v1 domains == v2 domains ({'SaaS'})
  regulatory-standards          : v1 domains == v2 domains ({'FinTech'})
  estimation                    : v1 domains == v2 domains ({'FinTech'})
  coverage                      : v2 domains ⊂ v1 domains ({'SaaS'} < {'SaaS', 'FinTech'})
  edge_cases                    : v1 domains == v2 domains ({'SaaS'})
  search                        : v1 domains == v2 domains ({'SaaS'})
  kyc                           : v1 domains == v2 domains ({'FinTech'})
  metadata                      : v1 domains == v2 domains ({'FinTech'})
  patterns                      : v1 domains == v2 domains ({'FinTech'})
  real-time monitoring          : v1 domains == v2 domains ({'FinTech'})
  provincial tax                : v1 domains == v2 domains ({'FinTech'})
  deduplication                 : v1 domains == v2 domains ({'SaaS', 'FinTech'})
  ml                            : v2 domains ⊂ v1 domains ({'SaaS'} < {'SaaS', 'FinTech'})
  edgecase                      : v1 domains == v2 domains ({'FinTech'})
  threaded_discussions          : v1 domains == v2 domains ({'SaaS'})
  storage                       : v1 domains == v2 domains ({'FinTech', 'SaaS', 'Compliance and Security'})
  payment processing            : v1 domains == v2 domains ({'SaaS'})
  sla                           : v1 domains == v2 domains ({'SaaS', 'FinTech'})
  abuse                         : v1 domains == v2 domains ({'SaaS'})
  compatibility                 : v1 domains == v2 domains ({'SaaS', 'FinTech'})
  abuse-detection               : v1 domains == v2 domains ({'FinTech'})
  concurrency                   : v2 domains ⊂ v1 domains ({'SaaS'} < {'SaaS', 'FinTech'})
  [INFERRED] user profiling     : v1 domains == v2 domains ({'SaaS'})
  onboarding                    : v1 domains == v2 domains ({'SaaS', 'FinTech'})
  privacy                       : v1 domains == v2 domains ({'SaaS', 'FinTech'})
  burst limits                  : v1 domains == v2 domains ({'FinTech'})
  upgrade                       : v1 domains == v2 domains ({'SaaS', 'FinTech'})
  sentiment                     : v1 domains == v2 domains ({'SaaS'})
  reporting                     : v1 domains == v2 domains ({'SaaS', 'SaaS Analytics', 'Compliance and Security', 'FinTech'})
  congestion                    : v1 domains == v2 domains ({'FinTech'})
  endpoint                      : v1 domains == v2 domains ({'FinTech'})
  earnings summary              : v1 domains == v2 domains ({'FinTech'})
  gig workers                   : v1 domains == v2 domains ({'FinTech'})
  authentication                : v1 domains == v2 domains ({'SaaS', 'FinTech'})
  real-time updates             : v1 domains == v2 domains ({'FinTech'})
  geo-ip                        : v1 domains == v2 domains ({'SaaS'})
  scalable                      : v1 domains == v2 domains ({'SaaS'})
  update                        : v1 domains == v2 domains ({'SaaS'})
  virtualcard                   : v1 domains == v2 domains ({'FinTech'})
  real-time-analytics           : v1 domains == v2 domains ({'SaaS'})
  deployment                    : v1 domains == v2 domains ({'SaaS', 'FinTech'})
  prompt                        : v1 domains == v2 domains ({'SaaS'})
  debugging                     : v1 domains == v2 domains ({'SaaS'})
  charts                        : v1 domains == v2 domains ({'SaaS'})
  emi                           : v1 domains == v2 domains ({'FinTech'})
  replies                       : v1 domains == v2 domains ({'SaaS'})
  alert                         : v1 domains == v2 domains ({'SaaS', 'FinTech'})
  notification                  : v1 domains == v2 domains ({'SaaS', 'FinTech'})
  pagination                    : v1 domains == v2 domains ({'FinTech'})
  merge                         : v1 domains == v2 domains ({'SaaS'})
  batchprocessing               : v1 domains == v2 domains ({'FinTech'})
  ui                            : v1 domains == v2 domains ({'SaaS', 'FinTech'})
  micro-transaction             : v1 domains == v2 domains ({'FinTech'})
  access_logs                   : v1 domains == v2 domains ({'SaaS'})
  diagnostics                   : v1 domains == v2 domains ({'SaaS'})
  identity                      : v1 domains == v2 domains ({'FinTech'})
  deliverability                : v1 domains == v2 domains ({'SaaS'})
  pci                           : v1 domains == v2 domains ({'FinTech'})
  refund                        : v1 domains == v2 domains ({'FinTech'})
  slack                         : v1 domains == v2 domains ({'FinTech'})
  navigation                    : v1 domains == v2 domains ({'SaaS'})
  duplicates                    : v1 domains == v2 domains ({'SaaS'})
  artifacts                     : v1 domains == v2 domains ({'SaaS'})
  lifecycle                     : v1 domains == v2 domains ({'FinTech'})
  crm                           : v1 domains == v2 domains ({'SaaS'})
  design                        : v1 domains == v2 domains ({'SaaS', 'FinTech'})
  logs                          : v1 domains ⊂ v2 domains ({'SaaS'} < {'SaaS', 'Compliance and Security', 'FinTech'})
  [INFERRED] ledger-management  : v1 domains == v2 domains ({'FinTech'})
  api-documentation             : v1 domains == v2 domains ({'FinTech'})
  config                        : v1/v2 domains overlap but not subset ({'SaaS'} | {'FinTech'})
  phantom-reversals             : v1 domains == v2 domains ({'FinTech'})
  audit-trails                  : v1 domains == v2 domains ({'FinTech'})
  immutable logging             : v1 domains == v2 domains ({'FinTech'})
  standards                     : v1 domains == v2 domains ({'FinTech'})
  manual                        : v1 domains == v2 domains ({'SaaS', 'FinTech'})
  advanced                      : v1 domains == v2 domains ({'FinTech'})
  documentation                 : v1 domains == v2 domains ({'SaaS', 'Compliance and Security', 'FinTech'})
  manually                      : v1 domains == v2 domains ({'SaaS'})
  json                          : v1 domains == v2 domains ({'SaaS'})
  filter                        : v1 domains ⊂ v2 domains ({'SaaS'} < {'SaaS', 'FinTech', 'Compliance and Security'})
  caching                       : v1 domains == v2 domains ({'FinTech'})
  operational-ledger            : v1 domains == v2 domains ({'FinTech'})
  tagging                       : v1 domains == v2 domains ({'SaaS'})
  pilot                         : v1 domains == v2 domains ({'FinTech'})
  enforcement                   : v1 domains == v2 domains ({'FinTech'})
  oracle                        : v1 domains == v2 domains ({'FinTech'})
  contacts                      : v1 domains == v2 domains ({'SaaS'})
  meta-log                      : v1 domains == v2 domains ({'FinTech'})
  customer                      : v1 domains == v2 domains ({'SaaS'})
  resilience                    : v2 domains ⊂ v1 domains ({'SaaS'} < {'SaaS', 'FinTech'})
  portal                        : v1 domains == v2 domains ({'FinTech'})
  details                       : v1 domains == v2 domains ({'FinTech'})
  mfa                           : v1 domains == v2 domains ({'FinTech'})
  remediation                   : v1 domains == v2 domains ({'SaaS'})
  normalization                 : v1 domains == v2 domains ({'FinTech'})
  blockchain                    : v1 domains == v2 domains ({'FinTech'})
  fallback                      : v1 domains == v2 domains ({'SaaS', 'FinTech'})
  instant feedback              : v1 domains == v2 domains ({'FinTech'})
  content                       : v2 domains ⊂ v1 domains ({'FinTech'} < {'SaaS', 'FinTech'})
  inbox                         : v1 domains == v2 domains ({'SaaS'})
  query                         : v1 domains == v2 domains ({'SaaS', 'FinTech', 'Compliance and Security'})
  registration                  : v1 domains == v2 domains ({'FinTech'})
  doordash                      : v1 domains == v2 domains ({'FinTech'})
  admin                         : v1 domains == v2 domains ({'SaaS', 'FinTech'})
  upwork                        : v1 domains == v2 domains ({'FinTech'})
  confirmation                  : v1 domains == v2 domains ({'FinTech'})
  anomaly                       : v1 domains == v2 domains ({'SaaS', 'Compliance and Security'})
  batch                         : v1 domains == v2 domains ({'FinTech'})
  exception                     : v1 domains == v2 domains ({'FinTech'})
  invoicing                     : v2 domains ⊂ v1 domains ({'SaaS'} < {'SaaS', 'FinTech'})
  tools                         : v1 domains == v2 domains ({'FinTech'})
  salesforce                    : v1 domains == v2 domains ({'SaaS'})
  communication                 : v1 domains == v2 domains ({'SaaS', 'FinTech'})
  setup                         : v1 domains == v2 domains ({'SaaS'})
  decay                         : v1 domains == v2 domains ({'SaaS'})
  [INFERRED] encryption         : v1 domains == v2 domains ({'FinTech'})
  translation                   : v1 domains == v2 domains ({'SaaS'})
  ui_testing                    : v1 domains == v2 domains ({'SaaS'})
  integrity                     : v1 domains == v2 domains ({'FinTech'})
  audit                         : v1 domains == v2 domains ({'SaaS', 'FinTech'})
  data protection               : v1 domains == v2 domains ({'FinTech'})
  prorated upgrades             : v1 domains == v2 domains ({'SaaS'})
  overlay                       : v1 domains == v2 domains ({'SaaS Analytics'})
  verification                  : v1 domains == v2 domains ({'FinTech'})
  hubspot                       : v1 domains == v2 domains ({'SaaS'})
  gdpr                          : v1 domains == v2 domains ({'SaaS', 'FinTech'})
  cohort_analysis               : v1 domains == v2 domains ({'SaaS'})
  usability                     : v2 domains ⊂ v1 domains ({'SaaS', 'FinTech'} < {'SaaS', 'SaaS Analytics', 'FinTech'})
  test-plans                    : v1 domains == v2 domains ({'FinTech'})
  status                        : v1 domains == v2 domains ({'SaaS', 'FinTech'})
  rollout                       : v1 domains == v2 domains ({'SaaS', 'FinTech'})
  review                        : v1 domains == v2 domains ({'SaaS', 'FinTech'})
  classification                : v1 domains == v2 domains ({'SaaS', 'FinTech'})
  help_article                  : v1 domains == v2 domains ({'SaaS'})
  operational                   : v1 domains == v2 domains ({'FinTech'})
  time_decay                    : v1 domains == v2 domains ({'SaaS'})
  telemetry                     : v1 domains == v2 domains ({'SaaS'})
  oauth                         : v1 domains == v2 domains ({'SaaS', 'FinTech'})
  data_visualization            : v1 domains == v2 domains ({'SaaS'})
  sandbox                       : v1 domains == v2 domains ({'FinTech'})
  a/b testing                   : v1 domains == v2 domains ({'SaaS'})
  credits                       : v1 domains == v2 domains ({'SaaS'})
  sync                          : v1 domains == v2 domains ({'SaaS'})
  trigger_prioritization        : v1 domains == v2 domains ({'SaaS'})
  training                      : v1 domains == v2 domains ({'SaaS', 'Compliance and Security', 'FinTech'})
  consistency                   : v1 domains == v2 domains ({'FinTech', 'Compliance and Security'})
  video                         : v1 domains == v2 domains ({'SaaS'})
